Epoch	 Loss	 AccuracyTrain	 AccuracyVal
    0 	 50526.5    	   3.9	   4.5
    1 	 49406.0    	   3.9	   4.5
    2 	 48313.7    	   3.9	   4.4
    3 	 47252.6    	   3.9	   4.4
    4 	 46218.5    	   3.8	   4.4
    5 	 45218.4    	   3.8	   4.4
    6 	 44251.2    	   3.8	   4.3
    7 	 43317.6    	   3.8	   4.3
    8 	 42415.1    	   3.8	   4.3
    9 	 41536.6    	   3.8	   4.3
   10 	 40689.4    	   3.7	   4.2
   11 	 39868.2    	   3.7	   4.2
   12 	 39076.3    	   3.7	   4.2
   13 	 38313.4    	   3.7	   4.2
   14 	 37579.3    	   3.7	   4.1
   15 	 36872.2    	   3.7	   4.1
   16 	 36192.4    	   3.6	   4.1
   17 	 35538.9    	   3.6	   4.1
   18 	 34911.2    	   3.6	   4.1
   19 	 34307.3    	   3.6	   4.0
   20 	 33724.3    	   3.6	   4.0
   21 	 33163.5    	   3.6	   4.0
   22 	 32624.4    	   3.6	   4.0
   23 	 32103.9    	   3.5	   3.9
   24 	 31602.4    	   3.5	   3.9
   25 	 31119.5    	   3.5	   3.9
   26 	 30655.2    	   3.5	   3.9
   27 	 30208.4    	   3.5	   3.9
   28 	 29778.2    	   3.5	   3.8
   29 	 29362.4    	   3.5	   3.8
   30 	 28961.8    	   3.4	   3.8
   31 	 28576.3    	   3.4	   3.8
   32 	 28204.6    	   3.4	   3.8
   33 	 27846.5    	   3.4	   3.7
   34 	 27501.6    	   3.4	   3.7
   35 	 27168.6    	   3.4	   3.7
   36 	 26847.1    	   3.4	   3.7
   37 	 26537.0    	   3.4	   3.7
   38 	 26237.8    	   3.4	   3.7
   39 	 25949.0    	   3.4	   3.6
   40 	 25670.3    	   3.3	   3.6
   41 	 25401.4    	   3.3	   3.6
   42 	 25141.6    	   3.3	   3.6
   43 	 24890.5    	   3.3	   3.6
   44 	 24647.7    	   3.3	   3.6
   45 	 24412.9    	   3.3	   3.6
   46 	 24185.9    	   3.3	   3.6
   47 	 23966.3    	   3.3	   3.5
   48 	 23753.5    	   3.3	   3.5
   49 	 23547.2    	   3.3	   3.5
   50 	 23347.4    	   3.3	   3.5
   51 	 23153.5    	   3.3	   3.5
   52 	 22965.5    	   3.3	   3.5
   53 	 22783.2    	   3.2	   3.5
   54 	 22606.4    	   3.2	   3.5
   55 	 22435.0    	   3.2	   3.5
   56 	 22268.5    	   3.2	   3.4
   57 	 22106.5    	   3.2	   3.4
   58 	 21948.7    	   3.2	   3.4
   59 	 21795.5    	   3.2	   3.4
   60 	 21646.7    	   3.2	   3.4
   61 	 21502.0    	   3.2	   3.4
   62 	 21361.5    	   3.2	   3.4
   63 	 21224.9    	   3.2	   3.4
   64 	 21092.1    	   3.2	   3.4
   65 	 20962.9    	   3.2	   3.4
   66 	 20837.4    	   3.2	   3.4
   67 	 20715.2    	   3.2	   3.4
   68 	 20596.4    	   3.2	   3.3
   69 	 20480.7    	   3.2	   3.3
   70 	 20368.0    	   3.1	   3.3
   71 	 20258.4    	   3.1	   3.3
   72 	 20151.7    	   3.1	   3.3
   73 	 20047.7    	   3.1	   3.3
   74 	 19946.4    	   3.1	   3.3
   75 	 19847.8    	   3.1	   3.3
   76 	 19751.7    	   3.1	   3.3
   77 	 19657.9    	   3.1	   3.3
   78 	 19566.6    	   3.1	   3.3
   79 	 19477.5    	   3.1	   3.3
   80 	 19390.7    	   3.1	   3.3
   81 	 19306.1    	   3.1	   3.3
   82 	 19223.5    	   3.1	   3.2
   83 	 19142.9    	   3.1	   3.2
   84 	 19064.3    	   3.1	   3.2
   85 	 18987.5    	   3.1	   3.2
   86 	 18912.4    	   3.1	   3.2
   87 	 18839.1    	   3.1	   3.2
   88 	 18767.4    	   3.1	   3.2
   89 	 18697.2    	   3.1	   3.2
   90 	 18628.7    	   3.1	   3.2
   91 	 18561.6    	   3.1	   3.2
   92 	 18496.0    	   3.1	   3.2
   93 	 18431.9    	   3.1	   3.2
   94 	 18369.0    	   3.1	   3.2
   95 	 18307.6    	   3.1	   3.2
   96 	 18247.4    	   3.1	   3.2
   97 	 18188.5    	   3.1	   3.2
   98 	 18130.8    	   3.1	   3.2
   99 	 18074.3    	   3.0	   3.2
  100 	 18019.0    	   3.0	   3.1
  101 	 17964.8    	   3.0	   3.1
  102 	 17911.3    	   3.0	   3.1
  103 	 17858.8    	   3.0	   3.1
  104 	 17807.3    	   3.0	   3.1
  105 	 17756.8    	   3.0	   3.1
  106 	 17707.2    	   3.0	   3.1
  107 	 17658.5    	   3.0	   3.1
  108 	 17610.8    	   3.0	   3.1
  109 	 17563.9    	   3.0	   3.1
  110 	 17517.9    	   3.0	   3.1
  111 	 17472.8    	   3.0	   3.1
  112 	 17428.4    	   3.0	   3.1
  113 	 17384.9    	   3.0	   3.1
  114 	 17342.2    	   3.0	   3.1
  115 	 17300.3    	   3.0	   3.1
  116 	 17259.1    	   3.0	   3.1
  117 	 17218.7    	   3.0	   3.1
  118 	 17179.1    	   3.0	   3.1
  119 	 17140.1    	   3.0	   3.1
  120 	 17101.9    	   3.0	   3.1
  121 	 17064.2    	   3.0	   3.1
  122 	 17027.1    	   3.0	   3.1
  123 	 16990.6    	   3.0	   3.0
  124 	 16954.8    	   3.0	   3.0
  125 	 16919.6    	   3.0	   3.0
  126 	 16885.0    	   3.0	   3.0
  127 	 16851.1    	   3.0	   3.0
  128 	 16817.7    	   3.0	   3.0
  129 	 16784.9    	   3.0	   3.0
  130 	 16752.7    	   3.0	   3.0
  131 	 16721.1    	   3.0	   3.0
  132 	 16689.9    	   3.0	   3.0
  133 	 16659.3    	   3.0	   3.0
  134 	 16629.1    	   3.0	   3.0
  135 	 16599.5    	   3.0	   3.0
  136 	 16570.3    	   3.0	   3.0
  137 	 16541.6    	   3.0	   3.0
  138 	 16513.4    	   3.0	   3.0
  139 	 16485.6    	   3.0	   3.0
  140 	 16458.3    	   3.0	   3.0
  141 	 16431.4    	   3.0	   3.0
  142 	 16404.9    	   3.0	   3.0
  143 	 16378.9    	   3.0	   3.0
  144 	 16353.3    	   3.0	   3.0
  145 	 16328.0    	   3.0	   3.0
  146 	 16303.2    	   3.0	   3.0
  147 	 16278.7    	   3.0	   3.0
  148 	 16254.5    	   3.0	   3.0
  149 	 16230.8    	   3.0	   3.0
  150 	 16207.3    	   3.0	   3.0
  151 	 16184.2    	   3.0	   3.0
  152 	 16161.3    	   3.0	   3.0
  153 	 16138.8    	   3.0	   2.9
  154 	 16116.7    	   3.0	   2.9
  155 	 16094.9    	   3.0	   2.9
  156 	 16073.4    	   3.0	   2.9
  157 	 16052.2    	   3.0	   2.9
  158 	 16031.3    	   3.0	   2.9
  159 	 16010.7    	   3.0	   2.9
  160 	 15990.3    	   2.9	   2.9
  161 	 15970.2    	   2.9	   2.9
  162 	 15950.2    	   2.9	   2.9
  163 	 15930.6    	   2.9	   2.9
  164 	 15911.2    	   2.9	   2.9
  165 	 15892.1    	   2.9	   2.9
  166 	 15873.3    	   2.9	   2.9
  167 	 15854.7    	   2.9	   2.9
  168 	 15836.4    	   2.9	   2.9
  169 	 15818.3    	   2.9	   2.9
  170 	 15800.3    	   2.9	   2.9
  171 	 15782.5    	   2.9	   2.9
  172 	 15765.2    	   2.9	   2.9
  173 	 15748.1    	   2.9	   2.9
  174 	 15731.3    	   2.9	   2.9
  175 	 15714.7    	   2.9	   2.9
  176 	 15698.3    	   2.9	   2.9
  177 	 15682.2    	   2.9	   2.9
  178 	 15666.2    	   2.9	   2.9
  179 	 15650.4    	   2.9	   2.9
  180 	 15634.9    	   2.9	   2.9
  181 	 15619.6    	   2.9	   2.9
  182 	 15604.5    	   2.9	   2.9
  183 	 15589.6    	   2.9	   2.9
  184 	 15574.9    	   2.9	   2.9
  185 	 15560.4    	   2.9	   2.9
  186 	 15546.1    	   2.9	   2.9
  187 	 15531.9    	   2.9	   2.9
  188 	 15518.0    	   2.9	   2.9
  189 	 15504.2    	   2.9	   2.9
  190 	 15490.7    	   2.9	   2.9
  191 	 15477.3    	   2.9	   2.9
  192 	 15464.0    	   2.9	   2.9
  193 	 15451.0    	   2.9	   2.9
  194 	 15438.1    	   2.9	   2.9
  195 	 15425.3    	   2.9	   2.8
  196 	 15412.5    	   2.9	   2.8
  197 	 15399.8    	   2.9	   2.8
  198 	 15387.1    	   2.9	   2.8
  199 	 15374.5    	   2.9	   2.8
  200 	 15362.0    	   2.9	   2.8
  201 	 15349.5    	   2.9	   2.8
  202 	 15337.2    	   2.9	   2.8
  203 	 15325.0    	   2.9	   2.8
  204 	 15312.9    	   2.9	   2.8
  205 	 15301.0    	   2.9	   2.8
  206 	 15289.2    	   2.9	   2.8
  207 	 15277.6    	   2.9	   2.8
  208 	 15266.1    	   2.9	   2.8
  209 	 15254.7    	   2.9	   2.8
  210 	 15243.6    	   2.9	   2.8
  211 	 15232.5    	   2.9	   2.8
  212 	 15221.7    	   2.9	   2.8
  213 	 15210.9    	   2.9	   2.8
  214 	 15200.3    	   2.9	   2.8
  215 	 15189.8    	   2.9	   2.8
  216 	 15179.5    	   2.9	   2.8
  217 	 15169.3    	   2.9	   2.8
  218 	 15159.2    	   2.9	   2.8
  219 	 15149.2    	   2.9	   2.8
  220 	 15139.4    	   2.9	   2.8
  221 	 15129.6    	   2.9	   2.8
  222 	 15120.0    	   2.9	   2.8
  223 	 15110.5    	   2.9	   2.8
  224 	 15101.1    	   2.9	   2.8
  225 	 15091.8    	   2.9	   2.8
  226 	 15082.6    	   2.9	   2.8
  227 	 15073.5    	   2.9	   2.8
  228 	 15064.6    	   2.9	   2.8
  229 	 15055.7    	   2.9	   2.8
  230 	 15047.0    	   2.9	   2.8
  231 	 15038.4    	   2.9	   2.8
  232 	 15029.9    	   2.9	   2.8
  233 	 15021.4    	   2.9	   2.8
  234 	 15013.1    	   2.9	   2.8
  235 	 15004.9    	   2.9	   2.8
  236 	 14996.7    	   2.9	   2.8
  237 	 14988.7    	   2.9	   2.8
  238 	 14980.8    	   2.9	   2.8
  239 	 14972.9    	   2.9	   2.8
  240 	 14965.1    	   2.9	   2.8
  241 	 14957.4    	   2.9	   2.8
  242 	 14949.8    	   2.9	   2.8
  243 	 14942.3    	   2.9	   2.8
  244 	 14934.9    	   2.9	   2.8
  245 	 14927.6    	   2.9	   2.8
  246 	 14920.3    	   2.9	   2.8
  247 	 14913.2    	   2.9	   2.8
  248 	 14906.1    	   2.9	   2.8
  249 	 14899.0    	   2.9	   2.8
  250 	 14892.1    	   2.9	   2.8
  251 	 14885.2    	   2.9	   2.8
  252 	 14878.4    	   2.9	   2.8
  253 	 14871.6    	   2.9	   2.8
  254 	 14864.9    	   2.9	   2.8
  255 	 14858.3    	   2.9	   2.8
  256 	 14851.8    	   2.9	   2.8
  257 	 14845.3    	   2.9	   2.8
  258 	 14838.9    	   2.9	   2.8
  259 	 14832.6    	   2.9	   2.8
  260 	 14826.3    	   2.9	   2.8
  261 	 14820.1    	   2.9	   2.8
  262 	 14813.9    	   2.9	   2.8
  263 	 14807.9    	   2.9	   2.8
  264 	 14801.8    	   2.9	   2.8
  265 	 14795.9    	   2.9	   2.8
  266 	 14790.0    	   2.9	   2.8
  267 	 14784.2    	   2.9	   2.8
  268 	 14778.4    	   2.9	   2.8
  269 	 14772.6    	   2.9	   2.8
  270 	 14767.0    	   2.9	   2.8
  271 	 14761.4    	   2.9	   2.8
  272 	 14755.8    	   2.9	   2.8
  273 	 14750.3    	   2.9	   2.8
  274 	 14744.8    	   2.9	   2.8
  275 	 14739.4    	   2.9	   2.8
  276 	 14734.1    	   2.9	   2.8
  277 	 14728.8    	   2.9	   2.8
  278 	 14723.5    	   2.9	   2.8
  279 	 14718.3    	   2.9	   2.8
  280 	 14713.2    	   2.9	   2.8
  281 	 14708.1    	   2.9	   2.8
  282 	 14703.0    	   2.9	   2.8
  283 	 14698.0    	   2.9	   2.8
  284 	 14693.0    	   2.9	   2.8
  285 	 14688.1    	   2.9	   2.8
  286 	 14683.2    	   2.9	   2.8
  287 	 14678.4    	   2.9	   2.8
  288 	 14673.6    	   2.9	   2.8
  289 	 14668.8    	   2.9	   2.8
  290 	 14664.1    	   2.9	   2.8
  291 	 14659.4    	   2.9	   2.8
  292 	 14654.8    	   2.9	   2.8
  293 	 14650.1    	   2.9	   2.8
  294 	 14645.6    	   2.9	   2.8
  295 	 14641.0    	   2.9	   2.8
  296 	 14636.3    	   2.9	   2.8
  297 	 14631.6    	   2.9	   2.8
  298 	 14626.9    	   2.9	   2.8
  299 	 14622.1    	   2.9	   2.8
  300 	 14617.4    	   2.9	   2.8
  301 	 14612.6    	   2.9	   2.8
  302 	 14607.9    	   2.9	   2.8
  303 	 14603.2    	   2.9	   2.8
  304 	 14598.5    	   2.9	   2.8
  305 	 14593.8    	   2.9	   2.8
  306 	 14589.1    	   2.9	   2.8
  307 	 14584.5    	   2.9	   2.8
  308 	 14579.9    	   2.9	   2.8
  309 	 14575.4    	   2.9	   2.8
  310 	 14570.9    	   2.9	   2.8
  311 	 14566.4    	   2.9	   2.8
  312 	 14562.0    	   2.9	   2.8
  313 	 14557.6    	   2.9	   2.8
  314 	 14553.3    	   2.9	   2.8
  315 	 14549.0    	   2.9	   2.8
  316 	 14544.7    	   2.8	   2.8
  317 	 14540.5    	   2.8	   2.8
  318 	 14536.3    	   2.8	   2.8
  319 	 14532.2    	   2.8	   2.8
  320 	 14528.1    	   2.8	   2.8
  321 	 14524.0    	   2.8	   2.8
  322 	 14519.9    	   2.8	   2.8
  323 	 14515.8    	   2.8	   2.8
  324 	 14511.8    	   2.8	   2.8
  325 	 14507.7    	   2.8	   2.8
  326 	 14503.7    	   2.8	   2.8
  327 	 14499.7    	   2.8	   2.8
  328 	 14495.8    	   2.8	   2.8
  329 	 14491.8    	   2.8	   2.8
  330 	 14487.8    	   2.8	   2.8
  331 	 14483.8    	   2.8	   2.8
  332 	 14479.8    	   2.8	   2.8
  333 	 14475.8    	   2.8	   2.8
  334 	 14471.8    	   2.8	   2.7
  335 	 14467.8    	   2.8	   2.7
  336 	 14463.8    	   2.8	   2.7
  337 	 14459.9    	   2.8	   2.7
  338 	 14456.0    	   2.8	   2.7
  339 	 14452.2    	   2.8	   2.7
  340 	 14448.4    	   2.8	   2.7
  341 	 14444.6    	   2.8	   2.7
  342 	 14440.9    	   2.8	   2.7
  343 	 14437.2    	   2.8	   2.7
  344 	 14433.5    	   2.8	   2.7
  345 	 14429.9    	   2.8	   2.7
  346 	 14426.3    	   2.8	   2.7
  347 	 14422.7    	   2.8	   2.7
  348 	 14419.2    	   2.8	   2.7
  349 	 14415.7    	   2.8	   2.7
  350 	 14412.2    	   2.8	   2.7
  351 	 14408.7    	   2.8	   2.7
  352 	 14405.3    	   2.8	   2.7
  353 	 14401.9    	   2.8	   2.7
  354 	 14398.5    	   2.8	   2.7
  355 	 14395.2    	   2.8	   2.7
  356 	 14391.9    	   2.8	   2.7
  357 	 14388.7    	   2.8	   2.7
  358 	 14385.5    	   2.8	   2.7
  359 	 14382.3    	   2.8	   2.7
  360 	 14379.1    	   2.8	   2.7
  361 	 14375.9    	   2.8	   2.7
  362 	 14372.8    	   2.8	   2.7
  363 	 14369.7    	   2.8	   2.7
  364 	 14366.5    	   2.8	   2.7
  365 	 14363.4    	   2.8	   2.7
  366 	 14360.3    	   2.8	   2.7
  367 	 14357.2    	   2.8	   2.7
  368 	 14354.2    	   2.8	   2.7
  369 	 14351.2    	   2.8	   2.7
  370 	 14348.2    	   2.8	   2.7
  371 	 14345.3    	   2.8	   2.7
  372 	 14342.4    	   2.8	   2.7
  373 	 14339.5    	   2.8	   2.7
  374 	 14336.7    	   2.8	   2.7
  375 	 14333.9    	   2.8	   2.7
  376 	 14331.1    	   2.8	   2.7
  377 	 14328.4    	   2.8	   2.7
  378 	 14325.6    	   2.8	   2.7
  379 	 14322.9    	   2.8	   2.7
  380 	 14320.2    	   2.8	   2.7
  381 	 14317.6    	   2.8	   2.7
  382 	 14314.9    	   2.8	   2.7
  383 	 14312.3    	   2.8	   2.7
  384 	 14309.7    	   2.8	   2.7
  385 	 14307.1    	   2.8	   2.7
  386 	 14304.5    	   2.8	   2.7
  387 	 14302.0    	   2.8	   2.7
  388 	 14299.4    	   2.8	   2.7
  389 	 14296.9    	   2.8	   2.7
  390 	 14294.4    	   2.8	   2.7
  391 	 14291.8    	   2.8	   2.7
  392 	 14289.2    	   2.8	   2.7
  393 	 14286.5    	   2.8	   2.7
  394 	 14283.9    	   2.8	   2.7
  395 	 14281.2    	   2.8	   2.7
  396 	 14278.5    	   2.8	   2.7
  397 	 14275.9    	   2.8	   2.7
  398 	 14273.2    	   2.8	   2.7
  399 	 14270.6    	   2.8	   2.7
  400 	 14268.0    	   2.8	   2.7
  401 	 14265.4    	   2.8	   2.7
  402 	 14262.8    	   2.8	   2.7
  403 	 14260.2    	   2.8	   2.7
  404 	 14257.7    	   2.8	   2.7
  405 	 14255.2    	   2.8	   2.7
  406 	 14252.8    	   2.8	   2.7
  407 	 14250.3    	   2.8	   2.7
  408 	 14247.9    	   2.8	   2.7
  409 	 14245.5    	   2.8	   2.7
  410 	 14243.2    	   2.8	   2.7
  411 	 14240.8    	   2.8	   2.7
  412 	 14238.5    	   2.8	   2.7
  413 	 14236.2    	   2.8	   2.7
  414 	 14233.9    	   2.8	   2.7
  415 	 14231.6    	   2.8	   2.7
  416 	 14229.3    	   2.8	   2.7
  417 	 14227.1    	   2.8	   2.7
  418 	 14224.9    	   2.8	   2.7
  419 	 14222.6    	   2.8	   2.7
  420 	 14220.4    	   2.8	   2.7
  421 	 14218.2    	   2.8	   2.7
  422 	 14216.1    	   2.8	   2.7
  423 	 14213.9    	   2.8	   2.7
  424 	 14211.7    	   2.8	   2.7
  425 	 14209.6    	   2.8	   2.7
  426 	 14207.5    	   2.8	   2.7
  427 	 14205.3    	   2.8	   2.7
  428 	 14203.3    	   2.8	   2.7
  429 	 14201.2    	   2.8	   2.7
  430 	 14199.1    	   2.8	   2.7
  431 	 14196.9    	   2.8	   2.7
  432 	 14194.8    	   2.8	   2.7
  433 	 14192.6    	   2.8	   2.7
  434 	 14190.7    	   2.8	   2.7
  435 	 14188.7    	   2.8	   2.7
  436 	 14186.6    	   2.8	   2.7
  437 	 14184.5    	   2.8	   2.7
  438 	 14182.3    	   2.8	   2.7
  439 	 14180.3    	   2.8	   2.7
  440 	 14178.3    	   2.8	   2.7
  441 	 14176.3    	   2.8	   2.7
  442 	 14174.3    	   2.8	   2.7
  443 	 14172.3    	   2.8	   2.7
  444 	 14170.4    	   2.8	   2.7
  445 	 14168.4    	   2.8	   2.7
  446 	 14166.5    	   2.8	   2.7
  447 	 14164.5    	   2.8	   2.7
  448 	 14162.6    	   2.8	   2.7
  449 	 14160.6    	   2.8	   2.7
  450 	 14158.7    	   2.8	   2.7
  451 	 14156.8    	   2.8	   2.7
  452 	 14154.9    	   2.8	   2.7
  453 	 14153.0    	   2.8	   2.7
  454 	 14151.1    	   2.8	   2.7
  455 	 14149.2    	   2.8	   2.7
  456 	 14147.3    	   2.8	   2.7
  457 	 14145.5    	   2.8	   2.7
  458 	 14143.7    	   2.8	   2.7
  459 	 14141.9    	   2.8	   2.7
  460 	 14140.1    	   2.8	   2.7
  461 	 14138.3    	   2.8	   2.7
  462 	 14136.4    	   2.8	   2.7
  463 	 14134.6    	   2.8	   2.7
  464 	 14132.7    	   2.8	   2.7
  465 	 14130.8    	   2.8	   2.7
  466 	 14128.9    	   2.8	   2.7
  467 	 14127.0    	   2.8	   2.7
  468 	 14125.1    	   2.8	   2.7
  469 	 14123.3    	   2.8	   2.7
  470 	 14121.4    	   2.8	   2.7
  471 	 14119.6    	   2.8	   2.7
  472 	 14117.8    	   2.8	   2.7
  473 	 14116.0    	   2.8	   2.7
  474 	 14114.1    	   2.8	   2.7
  475 	 14112.3    	   2.8	   2.7
  476 	 14110.6    	   2.8	   2.7
  477 	 14108.8    	   2.8	   2.7
  478 	 14107.1    	   2.8	   2.7
  479 	 14105.4    	   2.8	   2.7
  480 	 14103.7    	   2.8	   2.7
  481 	 14102.0    	   2.8	   2.7
  482 	 14100.3    	   2.8	   2.7
  483 	 14098.6    	   2.8	   2.7
  484 	 14096.9    	   2.8	   2.7
  485 	 14095.3    	   2.8	   2.7
  486 	 14093.6    	   2.8	   2.7
  487 	 14091.9    	   2.8	   2.7
  488 	 14090.3    	   2.8	   2.7
  489 	 14088.6    	   2.8	   2.7
  490 	 14087.0    	   2.8	   2.7
  491 	 14085.4    	   2.8	   2.7
  492 	 14083.7    	   2.8	   2.7
  493 	 14082.1    	   2.8	   2.7
  494 	 14080.5    	   2.8	   2.7
  495 	 14078.9    	   2.8	   2.7
  496 	 14077.3    	   2.8	   2.7
  497 	 14075.7    	   2.8	   2.7
  498 	 14074.1    	   2.8	   2.7
  499 	 14072.5    	   2.8	   2.7
